<?xml version="1.0" encoding="UTF-8"?>
<testng-results ignored="0" total="1" passed="1" failed="0" skipped="0">
  <reporter-output>
  </reporter-output>
  <suite started-at="2024-04-18T12:21:37 CEST" name="Smoky" finished-at="2024-04-18T12:21:44 CEST" duration-ms="6150">
    <groups>
    </groups>
    <test started-at="2024-04-18T12:21:37 CEST" name="Smoky" finished-at="2024-04-18T12:21:44 CEST" duration-ms="6150">
      <class name="com.demoqa.tests.PracticeFormTest">
        <test-method is-config="true" signature="init()[pri:0, instance:com.demoqa.tests.PracticeFormTest@2e55dd0c]" started-at="2024-04-18T12:21:37 CEST" name="init" finished-at="2024-04-18T12:21:41 CEST" duration-ms="3263" status="PASS">
          <reporter-output>
          </reporter-output>
        </test-method> <!-- init -->
        <test-method is-config="true" signature="precondition()[pri:0, instance:com.demoqa.tests.PracticeFormTest@2e55dd0c]" started-at="2024-04-18T12:21:41 CEST" name="precondition" finished-at="2024-04-18T12:21:41 CEST" duration-ms="335" status="PASS">
          <reporter-output>
          </reporter-output>
        </test-method> <!-- precondition -->
        <test-method signature="createStudentAccountTest()[pri:0, instance:com.demoqa.tests.PracticeFormTest@2e55dd0c]" started-at="2024-04-18T12:21:41 CEST" name="createStudentAccountTest" finished-at="2024-04-18T12:21:43 CEST" duration-ms="2324" status="PASS">
          <reporter-output>
          </reporter-output>
        </test-method> <!-- createStudentAccountTest -->
        <test-method is-config="true" signature="tearDown()[pri:0, instance:com.demoqa.tests.PracticeFormTest@2e55dd0c]" started-at="2024-04-18T12:21:43 CEST" name="tearDown" finished-at="2024-04-18T12:21:44 CEST" duration-ms="173" status="PASS">
          <reporter-output>
          </reporter-output>
        </test-method> <!-- tearDown -->
      </class> <!-- com.demoqa.tests.PracticeFormTest -->
    </test> <!-- Smoky -->
  </suite> <!-- Smoky -->
</testng-results>
